app/build/intermediates/manifest_merge_blame_file/debug/processDebugMainManifest/manifest-merger-blame-debug-report.txt
1<?xml version="1.0" encoding="utf-8"?>
2<manifest xmlns:android="http://schemas.android.com/apk/res/android"
3    package="com.tradingbot.monitor"
4    android:versionCode="1"
5    android:versionName="1.0" >
6
7    <uses-sdk
8        android:minSdkVersion="26"
9        android:targetSdkVersion="34" />
10
11    <uses-permission android:name="android.permission.INTERNET" />
11-->src/main/AndroidManifest.xml:4:5-67
11-->src/main/AndroidManifest.xml:4:22-64
12    <uses-permission android:name="android.permission.ACCESS_NETWORK_STATE" />
12-->src/main/AndroidManifest.xml:5:5-79
12-->src/main/AndroidManifest.xml:5:22-76
13    <uses-permission android:name="android.permission.POST_NOTIFICATIONS" />
13-->src/main/AndroidManifest.xml:6:5-77
13-->src/main/AndroidManifest.xml:6:22-74
14    <uses-permission android:name="android.permission.USE_BIOMETRIC" />
14-->src/main/AndroidManifest.xml:7:5-72
14-->src/main/AndroidManifest.xml:7:22-69
15    <uses-permission android:name="android.permission.FOREGROUND_SERVICE" />
15-->src/main/AndroidManifest.xml:8:5-77
15-->src/main/AndroidManifest.xml:8:22-74
16    <uses-permission android:name="android.permission.FOREGROUND_SERVICE_DATA_SYNC" />
16-->src/main/AndroidManifest.xml:9:5-87
16-->src/main/AndroidManifest.xml:9:22-84
17    <!-- suppress DeprecatedClassUsageInspection -->
18    <uses-permission android:name="android.permission.USE_FINGERPRINT" />
18-->[androidx.biometric:biometric:1.1.0] AndroidManifest.xml:27:5-74
18-->[androidx.biometric:biometric:1.1.0] AndroidManifest.xml:27:22-71
19    <uses-permission android:name="android.permission.WAKE_LOCK" /> <!-- Required by older versions of Google Play services to create IID tokens -->
19-->[com.google.firebase:firebase-messaging:24.0.0] AndroidManifest.xml:24:5-68
19-->[com.google.firebase:firebase-messaging:24.0.0] AndroidManifest.xml:24:22-65
20    <uses-permission android:name="com.google.android.c2dm.permission.RECEIVE" />
20-->[com.google.firebase:firebase-messaging:24.0.0] AndroidManifest.xml:26:5-82
20-->[com.google.firebase:firebase-messaging:24.0.0] AndroidManifest.xml:26:22-79
21
22    <permission
22-->[androidx.core:core:1.13.1] AndroidManifest.xml:22:5-24:47
23        android:name="com.tradingbot.monitor.DYNAMIC_RECEIVER_NOT_EXPORTED_PERMISSION"
23-->[androidx.core:core:1.13.1] AndroidManifest.xml:23:9-81
24        android:protectionLevel="signature" />
24-->[androidx.core:core:1.13.1] AndroidManifest.xml:24:9-44
25
26    <uses-permission android:name="com.tradingbot.monitor.DYNAMIC_RECEIVER_NOT_EXPORTED_PERMISSION" />
26-->[androidx.core:core:1.13.1] AndroidManifest.xml:26:5-97
26-->[androidx.core:core:1.13.1] AndroidManifest.xml:26:22-94
27
28    <application
28-->src/main/AndroidManifest.xml:11:5-37:19
29        android:name="com.tradingbot.monitor.MyApp"
29-->src/main/AndroidManifest.xml:12:9-30
30        android:allowBackup="false"
30-->src/main/AndroidManifest.xml:13:9-36
31        android:appComponentFactory="androidx.core.app.CoreComponentFactory"
31-->[androidx.core:core:1.13.1] AndroidManifest.xml:28:18-86
32        android:debuggable="true"
33        android:extractNativeLibs="false"
34        android:icon="@mipmap/ic_launcher"
34-->src/main/AndroidManifest.xml:14:9-43
35        android:label="Trading Bot Monitor"
35-->src/main/AndroidManifest.xml:15:9-44
36        android:theme="@style/Theme.TradingBotMonitor"
36-->src/main/AndroidManifest.xml:16:9-55
37        android:usesCleartextTraffic="false" >
37-->src/main/AndroidManifest.xml:17:9-45
38        <activity
38-->src/main/AndroidManifest.xml:19:9-27:20
39            android:name="com.tradingbot.monitor.MainActivity"
39-->src/main/AndroidManifest.xml:20:13-41
40            android:exported="true"
40-->src/main/AndroidManifest.xml:21:13-36
41            android:theme="@style/Theme.TradingBotMonitor" >
41-->src/main/AndroidManifest.xml:22:13-59
42            <intent-filter>
42-->src/main/AndroidManifest.xml:23:13-26:29
43                <action android:name="android.intent.action.MAIN" />
43-->src/main/AndroidManifest.xml:24:17-69
43-->src/main/AndroidManifest.xml:24:25-66
44
45                <category android:name="android.intent.category.LAUNCHER" />
45-->src/main/AndroidManifest.xml:25:17-77
45-->src/main/AndroidManifest.xml:25:27-74
46            </intent-filter>
47        </activity>
48
49        <service
49-->src/main/AndroidManifest.xml:29:9-35:19
50            android:name="com.tradingbot.monitor.notification.TradingFcmService"
50-->src/main/AndroidManifest.xml:30:13-59
51            android:exported="false" >
51-->src/main/AndroidManifest.xml:31:13-37
52            <intent-filter>
52-->src/main/AndroidManifest.xml:32:13-34:29
53                <action android:name="com.google.firebase.MESSAGING_EVENT" />
53-->src/main/AndroidManifest.xml:33:17-78
53-->src/main/AndroidManifest.xml:33:25-75
54            </intent-filter>
55        </service>
56        <service
56-->[com.google.firebase:firebase-messaging-ktx:24.0.0] AndroidManifest.xml:23:9-29:19
57            android:name="com.google.firebase.components.ComponentDiscoveryService"
57-->[com.google.firebase:firebase-messaging-ktx:24.0.0] AndroidManifest.xml:24:13-84
58            android:directBootAware="true"
58-->[com.google.firebase:firebase-common:21.0.0] AndroidManifest.xml:32:13-43
59            android:exported="false" >
59-->[com.google.firebase:firebase-messaging-ktx:24.0.0] AndroidManifest.xml:25:13-37
60            <meta-data
60-->[com.google.firebase:firebase-messaging-ktx:24.0.0] AndroidManifest.xml:26:13-28:85
61                android:name="com.google.firebase.components:com.google.firebase.messaging.ktx.FirebaseMessagingLegacyRegistrar"
61-->[com.google.firebase:firebase-messaging-ktx:24.0.0] AndroidManifest.xml:27:17-129
62                android:value="com.google.firebase.components.ComponentRegistrar" />
62-->[com.google.firebase:firebase-messaging-ktx:24.0.0] AndroidManifest.xml:28:17-82
63            <meta-data
63-->[com.google.firebase:firebase-messaging:24.0.0] AndroidManifest.xml:57:13-59:85
64                android:name="com.google.firebase.components:com.google.firebase.messaging.FirebaseMessagingKtxRegistrar"
64-->[com.google.firebase:firebase-messaging:24.0.0] AndroidManifest.xml:58:17-122
65                android:value="com.google.firebase.components.ComponentRegistrar" />
65-->[com.google.firebase:firebase-messaging:24.0.0] AndroidManifest.xml:59:17-82
66            <meta-data
66-->[com.google.firebase:firebase-messaging:24.0.0] AndroidManifest.xml:60:13-62:85
67                android:name="com.google.firebase.components:com.google.firebase.messaging.FirebaseMessagingRegistrar"
67-->[com.google.firebase:firebase-messaging:24.0.0] AndroidManifest.xml:61:17-119
68                android:value="com.google.firebase.components.ComponentRegistrar" />
68-->[com.google.firebase:firebase-messaging:24.0.0] AndroidManifest.xml:62:17-82
69            <meta-data
69-->[com.google.firebase:firebase-installations:18.0.0] AndroidManifest.xml:15:13-17:85
70                android:name="com.google.firebase.components:com.google.firebase.installations.FirebaseInstallationsKtxRegistrar"
70-->[com.google.firebase:firebase-installations:18.0.0] AndroidManifest.xml:16:17-130
71                android:value="com.google.firebase.components.ComponentRegistrar" />
71-->[com.google.firebase:firebase-installations:18.0.0] AndroidManifest.xml:17:17-82
72            <meta-data
72-->[com.google.firebase:firebase-installations:18.0.0] AndroidManifest.xml:18:13-20:85
73                android:name="com.google.firebase.components:com.google.firebase.installations.FirebaseInstallationsRegistrar"
73-->[com.google.firebase:firebase-installations:18.0.0] AndroidManifest.xml:19:17-127
74                android:value="com.google.firebase.components.ComponentRegistrar" />
74-->[com.google.firebase:firebase-installations:18.0.0] AndroidManifest.xml:20:17-82
75            <meta-data
75-->[com.google.firebase:firebase-common-ktx:21.0.0] AndroidManifest.xml:12:13-14:85
76                android:name="com.google.firebase.components:com.google.firebase.ktx.FirebaseCommonLegacyRegistrar"
76-->[com.google.firebase:firebase-common-ktx:21.0.0] AndroidManifest.xml:13:17-116
77                android:value="com.google.firebase.components.ComponentRegistrar" />
77-->[com.google.firebase:firebase-common-ktx:21.0.0] AndroidManifest.xml:14:17-82
78            <meta-data
78-->[com.google.firebase:firebase-common:21.0.0] AndroidManifest.xml:35:13-37:85
79                android:name="com.google.firebase.components:com.google.firebase.FirebaseCommonKtxRegistrar"
79-->[com.google.firebase:firebase-common:21.0.0] AndroidManifest.xml:36:17-109
80                android:value="com.google.firebase.components.ComponentRegistrar" />
80-->[com.google.firebase:firebase-common:21.0.0] AndroidManifest.xml:37:17-82
81            <meta-data
81-->[com.google.firebase:firebase-datatransport:18.2.0] AndroidManifest.xml:25:13-27:85
82                android:name="com.google.firebase.components:com.google.firebase.datatransport.TransportRegistrar"
82-->[com.google.firebase:firebase-datatransport:18.2.0] AndroidManifest.xml:26:17-115
83                android:value="com.google.firebase.components.ComponentRegistrar" />
83-->[com.google.firebase:firebase-datatransport:18.2.0] AndroidManifest.xml:27:17-82
84        </service>
85
86        <receiver
86-->[com.google.firebase:firebase-messaging:24.0.0] AndroidManifest.xml:29:9-40:20
87            android:name="com.google.firebase.iid.FirebaseInstanceIdReceiver"
87-->[com.google.firebase:firebase-messaging:24.0.0] AndroidManifest.xml:30:13-78
88            android:exported="true"
88-->[com.google.firebase:firebase-messaging:24.0.0] AndroidManifest.xml:31:13-36
89            android:permission="com.google.android.c2dm.permission.SEND" >
89-->[com.google.firebase:firebase-messaging:24.0.0] AndroidManifest.xml:32:13-73
90            <intent-filter>
90-->[com.google.firebase:firebase-messaging:24.0.0] AndroidManifest.xml:33:13-35:29
91                <action android:name="com.google.android.c2dm.intent.RECEIVE" />
91-->[com.google.firebase:firebase-messaging:24.0.0] AndroidManifest.xml:34:17-81
91-->[com.google.firebase:firebase-messaging:24.0.0] AndroidManifest.xml:34:25-78
92            </intent-filter>
93
94            <meta-data
94-->[com.google.firebase:firebase-messaging:24.0.0] AndroidManifest.xml:37:13-39:40
95                android:name="com.google.android.gms.cloudmessaging.FINISHED_AFTER_HANDLED"
95-->[com.google.firebase:firebase-messaging:24.0.0] AndroidManifest.xml:38:17-92
96                android:value="true" />
96-->[com.google.firebase:firebase-messaging:24.0.0] AndroidManifest.xml:39:17-37
97        </receiver>
98        <!--
99             FirebaseMessagingService performs security checks at runtime,
100             but set to not exported to explicitly avoid allowing another app to call it.
101        -->
102        <service
102-->[com.google.firebase:firebase-messaging:24.0.0] AndroidManifest.xml:46:9-53:19
103            android:name="com.google.firebase.messaging.FirebaseMessagingService"
103-->[com.google.firebase:firebase-messaging:24.0.0] AndroidManifest.xml:47:13-82
104            android:directBootAware="true"
104-->[com.google.firebase:firebase-messaging:24.0.0] AndroidManifest.xml:48:13-43
105            android:exported="false" >
105-->[com.google.firebase:firebase-messaging:24.0.0] AndroidManifest.xml:49:13-37
106            <intent-filter android:priority="-500" >
106-->src/main/AndroidManifest.xml:32:13-34:29
107                <action android:name="com.google.firebase.MESSAGING_EVENT" />
107-->src/main/AndroidManifest.xml:33:17-78
107-->src/main/AndroidManifest.xml:33:25-75
108            </intent-filter>
109        </service>
110
111        <activity
111-->[com.google.android.gms:play-services-base:18.0.1] AndroidManifest.xml:20:9-22:45
112            android:name="com.google.android.gms.common.api.GoogleApiActivity"
112-->[com.google.android.gms:play-services-base:18.0.1] AndroidManifest.xml:20:19-85
113            android:exported="false"
113-->[com.google.android.gms:play-services-base:18.0.1] AndroidManifest.xml:22:19-43
114            android:theme="@android:style/Theme.Translucent.NoTitleBar" />
114-->[com.google.android.gms:play-services-base:18.0.1] AndroidManifest.xml:21:19-78
115
116        <provider
116-->[com.google.firebase:firebase-common:21.0.0] AndroidManifest.xml:23:9-28:39
117            android:name="com.google.firebase.provider.FirebaseInitProvider"
117-->[com.google.firebase:firebase-common:21.0.0] AndroidManifest.xml:24:13-77
118            android:authorities="com.tradingbot.monitor.firebaseinitprovider"
118-->[com.google.firebase:firebase-common:21.0.0] AndroidManifest.xml:25:13-72
119            android:directBootAware="true"
119-->[com.google.firebase:firebase-common:21.0.0] AndroidManifest.xml:26:13-43
120            android:exported="false"
120-->[com.google.firebase:firebase-common:21.0.0] AndroidManifest.xml:27:13-37
121            android:initOrder="100" />
121-->[com.google.firebase:firebase-common:21.0.0] AndroidManifest.xml:28:13-36
122
123        <service
123-->[androidx.room:room-runtime:2.6.1] AndroidManifest.xml:24:9-28:63
124            android:name="androidx.room.MultiInstanceInvalidationService"
124-->[androidx.room:room-runtime:2.6.1] AndroidManifest.xml:25:13-74
125            android:directBootAware="true"
125-->[androidx.room:room-runtime:2.6.1] AndroidManifest.xml:26:13-43
126            android:exported="false" />
126-->[androidx.room:room-runtime:2.6.1] AndroidManifest.xml:27:13-37
127
128        <provider
128-->[androidx.emoji2:emoji2:1.3.0] AndroidManifest.xml:24:9-32:20
129            android:name="androidx.startup.InitializationProvider"
129-->[androidx.emoji2:emoji2:1.3.0] AndroidManifest.xml:25:13-67
130            android:authorities="com.tradingbot.monitor.androidx-startup"
130-->[androidx.emoji2:emoji2:1.3.0] AndroidManifest.xml:26:13-68
131            android:exported="false" >
131-->[androidx.emoji2:emoji2:1.3.0] AndroidManifest.xml:27:13-37
132            <meta-data
132-->[androidx.emoji2:emoji2:1.3.0] AndroidManifest.xml:29:13-31:52
133                android:name="androidx.emoji2.text.EmojiCompatInitializer"
133-->[androidx.emoji2:emoji2:1.3.0] AndroidManifest.xml:30:17-75
134                android:value="androidx.startup" />
134-->[androidx.emoji2:emoji2:1.3.0] AndroidManifest.xml:31:17-49
135            <meta-data
135-->[androidx.lifecycle:lifecycle-process:2.8.4] AndroidManifest.xml:29:13-31:52
136                android:name="androidx.lifecycle.ProcessLifecycleInitializer"
136-->[androidx.lifecycle:lifecycle-process:2.8.4] AndroidManifest.xml:30:17-78
137                android:value="androidx.startup" />
137-->[androidx.lifecycle:lifecycle-process:2.8.4] AndroidManifest.xml:31:17-49
138            <meta-data
138-->[androidx.profileinstaller:profileinstaller:1.3.1] AndroidManifest.xml:29:13-31:52
139                android:name="androidx.profileinstaller.ProfileInstallerInitializer"
139-->[androidx.profileinstaller:profileinstaller:1.3.1] AndroidManifest.xml:30:17-85
140                android:value="androidx.startup" />
140-->[androidx.profileinstaller:profileinstaller:1.3.1] AndroidManifest.xml:31:17-49
141        </provider>
142
143        <meta-data
143-->[com.google.android.gms:play-services-basement:18.3.0] AndroidManifest.xml:21:9-23:69
144            android:name="com.google.android.gms.version"
144-->[com.google.android.gms:play-services-basement:18.3.0] AndroidManifest.xml:22:13-58
145            android:value="@integer/google_play_services_version" />
145-->[com.google.android.gms:play-services-basement:18.3.0] AndroidManifest.xml:23:13-66
146
147        <receiver
147-->[androidx.profileinstaller:profileinstaller:1.3.1] AndroidManifest.xml:34:9-52:20
148            android:name="androidx.profileinstaller.ProfileInstallReceiver"
148-->[androidx.profileinstaller:profileinstaller:1.3.1] AndroidManifest.xml:35:13-76
149            android:directBootAware="false"
149-->[androidx.profileinstaller:profileinstaller:1.3.1] AndroidManifest.xml:36:13-44
150            android:enabled="true"
150-->[androidx.profileinstaller:profileinstaller:1.3.1] AndroidManifest.xml:37:13-35
151            android:exported="true"
151-->[androidx.profileinstaller:profileinstaller:1.3.1] AndroidManifest.xml:38:13-36
152            android:permission="android.permission.DUMP" >
152-->[androidx.profileinstaller:profileinstaller:1.3.1] AndroidManifest.xml:39:13-57
153            <intent-filter>
153-->[androidx.profileinstaller:profileinstaller:1.3.1] AndroidManifest.xml:40:13-42:29
154                <action android:name="androidx.profileinstaller.action.INSTALL_PROFILE" />
154-->[androidx.profileinstaller:profileinstaller:1.3.1] AndroidManifest.xml:41:17-91
154-->[androidx.profileinstaller:profileinstaller:1.3.1] AndroidManifest.xml:41:25-88
155            </intent-filter>
156            <intent-filter>
156-->[androidx.profileinstaller:profileinstaller:1.3.1] AndroidManifest.xml:43:13-45:29
157                <action android:name="androidx.profileinstaller.action.SKIP_FILE" />
157-->[androidx.profileinstaller:profileinstaller:1.3.1] AndroidManifest.xml:44:17-85
157-->[androidx.profileinstaller:profileinstaller:1.3.1] AndroidManifest.xml:44:25-82
158            </intent-filter>
159            <intent-filter>
159-->[androidx.profileinstaller:profileinstaller:1.3.1] AndroidManifest.xml:46:13-48:29
160                <action android:name="androidx.profileinstaller.action.SAVE_PROFILE" />
160-->[androidx.profileinstaller:profileinstaller:1.3.1] AndroidManifest.xml:47:17-88
160-->[androidx.profileinstaller:profileinstaller:1.3.1] AndroidManifest.xml:47:25-85
161            </intent-filter>
162            <intent-filter>
162-->[androidx.profileinstaller:profileinstaller:1.3.1] AndroidManifest.xml:49:13-51:29
163                <action android:name="androidx.profileinstaller.action.BENCHMARK_OPERATION" />
163-->[androidx.profileinstaller:profileinstaller:1.3.1] AndroidManifest.xml:50:17-95
163-->[androidx.profileinstaller:profileinstaller:1.3.1] AndroidManifest.xml:50:25-92
164            </intent-filter>
165        </receiver>
166
167        <service
167-->[com.google.android.datatransport:transport-backend-cct:3.1.9] AndroidManifest.xml:28:9-34:19
168            android:name="com.google.android.datatransport.runtime.backends.TransportBackendDiscovery"
168-->[com.google.android.datatransport:transport-backend-cct:3.1.9] AndroidManifest.xml:29:13-103
169            android:exported="false" >
169-->[com.google.android.datatransport:transport-backend-cct:3.1.9] AndroidManifest.xml:30:13-37
170            <meta-data
170-->[com.google.android.datatransport:transport-backend-cct:3.1.9] AndroidManifest.xml:31:13-33:39
171                android:name="backend:com.google.android.datatransport.cct.CctBackendFactory"
171-->[com.google.android.datatransport:transport-backend-cct:3.1.9] AndroidManifest.xml:32:17-94
172                android:value="cct" />
172-->[com.google.android.datatransport:transport-backend-cct:3.1.9] AndroidManifest.xml:33:17-36
173        </service>
174        <service
174-->[com.google.android.datatransport:transport-runtime:3.1.9] AndroidManifest.xml:26:9-30:19
175            android:name="com.google.android.datatransport.runtime.scheduling.jobscheduling.JobInfoSchedulerService"
175-->[com.google.android.datatransport:transport-runtime:3.1.9] AndroidManifest.xml:27:13-117
176            android:exported="false"
176-->[com.google.android.datatransport:transport-runtime:3.1.9] AndroidManifest.xml:28:13-37
177            android:permission="android.permission.BIND_JOB_SERVICE" >
177-->[com.google.android.datatransport:transport-runtime:3.1.9] AndroidManifest.xml:29:13-69
178        </service>
179
180        <receiver
180-->[com.google.android.datatransport:transport-runtime:3.1.9] AndroidManifest.xml:32:9-34:40
181            android:name="com.google.android.datatransport.runtime.scheduling.jobscheduling.AlarmManagerSchedulerBroadcastReceiver"
181-->[com.google.android.datatransport:transport-runtime:3.1.9] AndroidManifest.xml:33:13-132
182            android:exported="false" />
182-->[com.google.android.datatransport:transport-runtime:3.1.9] AndroidManifest.xml:34:13-37
183    </application>
184
185</manifest>